<?xml version="1.0" encoding="UTF-8"?>
<!-- Generated by org.testng.reporters.JUnitReportReporter -->
<testsuite skipped="0" hostname="Alexander-ПК" name="framework.TestsRun" tests="1" failures="0" timestamp="17 апр 2019 16:10:34 GMT" time="5.417" errors="0">
  <testcase name="feature" time="5.417" classname="framework.TestsRun"/>
</testsuite> <!-- framework.TestsRun -->
