<?xml version="1.0" encoding="UTF-8"?>
<!-- Generated by org.testng.reporters.JUnitReportReporter -->
<testsuite skipped="0" hostname="Александр-ПК" name="PHT.Task18.TestBooking" tests="1" failures="0" timestamp="27 мар 2019 19:02:37 GMT" time="28.036" errors="0">
  <testcase name="testBooking" time="28.036" classname="PHT.Task18.TestBooking"/>
</testsuite> <!-- PHT.Task18.TestBooking -->
